<?xml version="1.0" encoding="utf-8" standalone="no"?>
<!--This file represents the results of running a test suite-->
<test-results name="C:\Users\Dan\Documents\Visual Studio 2013\Projects\ConwayGameOfLife\ConwayGameOfLife\bin\Debug\ConwayGameOfLife.exe" total="9" errors="0" failures="0" not-run="0" inconclusive="0" ignored="0" skipped="0" invalid="0" date="2015-04-09" time="13:04:15">
  <environment nunit-version="2.6.4.14350" clr-version="2.0.50727.5485" os-version="Microsoft Windows NT 6.1.7601 Service Pack 1" platform="Win32NT" cwd="C:\Program Files (x86)\NUnit 2.6.4\bin" machine-name="DAN-PC" user="Dan" user-domain="Dan-PC" />
  <culture-info current-culture="en-GB" current-uiculture="en-US" />
  <test-suite type="Assembly" name="C:\Users\Dan\Documents\Visual Studio 2013\Projects\ConwayGameOfLife\ConwayGameOfLife\bin\Debug\ConwayGameOfLife.exe" executed="True" result="Success" success="True" time="0.137" asserts="0">
    <results>
      <test-suite type="Namespace" name="ConwayGameOfLife" executed="True" result="Success" success="True" time="0.114" asserts="0">
        <results>
          <test-suite type="TestFixture" name="BoardTests" executed="True" result="Success" success="True" time="0.084" asserts="0">
            <results>
              <test-case name="ConwayGameOfLife.BoardTests.Board_Given2x2Board_CreatesBoard" executed="True" result="Success" success="True" time="0.049" asserts="2" />
              <test-case name="ConwayGameOfLife.BoardTests.Board_Given5x5Board_CreatesBoard" executed="True" result="Success" success="True" time="0.001" asserts="2" />
              <test-case name="ConwayGameOfLife.BoardTests.CellOnBoard_OnTheCorner_HasThreeNeighbours" executed="True" result="Success" success="True" time="0.004" asserts="1" />
              <test-case name="ConwayGameOfLife.BoardTests.CellOnBoard_OnTheEdge_HasFiveNeighbours" executed="True" result="Success" success="True" time="0.001" asserts="1" />
              <test-case name="ConwayGameOfLife.BoardTests.CellOnBoard_Surrounded_Has8Neighbours" executed="True" result="Success" success="True" time="0.001" asserts="1" />
            </results>
          </test-suite>
          <test-suite type="TestFixture" name="RulesTests" executed="True" result="Success" success="True" time="0.024" asserts="0">
            <results>
              <test-case name="ConwayGameOfLife.RulesTests.NextGeneration_AliveCellWith0Or1Neighbour_Dies" executed="True" result="Success" success="True" time="0.008" asserts="1" />
              <test-case name="ConwayGameOfLife.RulesTests.NextGeneration_AliveCellWith2Or3Neighbours_Lives" executed="True" result="Success" success="True" time="0.002" asserts="1" />
              <test-case name="ConwayGameOfLife.RulesTests.NextGeneration_AliveCellWith4OrMoreNeighbours_Dies" executed="True" result="Success" success="True" time="0.002" asserts="1" />
              <test-case name="ConwayGameOfLife.RulesTests.NextGeneration_DeadCellWith3AliveNeighbours_Lives" executed="True" result="Success" success="True" time="0.002" asserts="1" />
            </results>
          </test-suite>
        </results>
      </test-suite>
    </results>
  </test-suite>
</test-results>