<?xml version="1.0" encoding="utf-8" standalone="no"?>
<!--This file represents the results of running a test suite-->
<test-results name="C:\Users\Dan\Documents\Visual Studio 2013\Projects\ConwayGameOfLife\ConwayGameOfLife\bin\Debug\ConwayGameOfLife.exe" total="3" errors="0" failures="0" not-run="0" inconclusive="0" ignored="0" skipped="0" invalid="0" date="2015-03-29" time="16:41:02">
  <environment nunit-version="2.6.4.14350" clr-version="2.0.50727.5485" os-version="Microsoft Windows NT 6.1.7601 Service Pack 1" platform="Win32NT" cwd="C:\Program Files (x86)\NUnit 2.6.4\bin" machine-name="DAN-PC" user="Dan" user-domain="Dan-PC" />
  <culture-info current-culture="en-GB" current-uiculture="en-US" />
  <test-suite type="Assembly" name="C:\Users\Dan\Documents\Visual Studio 2013\Projects\ConwayGameOfLife\ConwayGameOfLife\bin\Debug\ConwayGameOfLife.exe" executed="True" result="Success" success="True" time="0.110" asserts="0">
    <results>
      <test-suite type="Namespace" name="ConwayGameOfLife" executed="True" result="Success" success="True" time="0.087" asserts="0">
        <results>
          <test-suite type="TestFixture" name="BoardTests" executed="True" result="Success" success="True" time="0.080" asserts="0">
            <results>
              <test-case name="ConwayGameOfLife.BoardTests.Board_Given2x2Board_CreatesBoard" executed="True" result="Success" success="True" time="0.052" asserts="2" />
              <test-case name="ConwayGameOfLife.BoardTests.Board_Given5x5Board_CreatesBoard" executed="True" result="Success" success="True" time="0.001" asserts="2" />
              <test-case name="ConwayGameOfLife.BoardTests.CellsOnBoard_Created_HasNeighbours" executed="True" result="Success" success="True" time="0.005" asserts="1" />
            </results>
          </test-suite>
          <test-suite type="TestFixture" name="RulesTests" executed="True" result="Inconclusive" success="False" time="0.000" asserts="0" />
        </results>
      </test-suite>
    </results>
  </test-suite>
</test-results>